<?xml version="1.0" encoding="UTF-8"?>
<testsuite xmlns:xsi="http://www.w3.org/2001/XMLSchema-instance" xsi:noNamespaceSchemaLocation="https://maven.apache.org/surefire/maven-surefire-plugin/xsd/surefire-test-report-3.0.xsd" version="3.0" name="TestSuite" time="9.201" tests="40" errors="0" skipped="0" failures="0">
  <properties>
[...]
</properties>
  <testcase name="authenticationSuccess" classname="testcases.AuthenticationManagement" time="1.696">
    <system-err><![CDATA[SLF4J: Failed to load class "org.slf4j.impl.StaticLoggerBinder".
SLF4J: Defaulting to no-operation (NOP) logger implementation
SLF4J: See http://www.slf4j.org/codes.html#StaticLoggerBinder for further details.
]]></system-err>
  </testcase>
  <testcase name="favoriteMovies" classname="testcases.AuthenticationManagement" time="0.23"/>
  <testcase name="lists" classname="testcases.AuthenticationManagement" time="0.188"/>
  <testcase name="ratedMovies" classname="testcases.AuthenticationManagement" time="0.19"/>
  <testcase name="movieDetails" classname="testcases.MoviesAPITesting" time="0.071"/>
  <testcase name="retrievePopularMovies" classname="testcases.MoviesAPITesting" time="0.091"/>
  <testcase name="popularTVShows" classname="testcases.TVShowsAPITesting" time="0.074"/>
  <testcase name="trendingTVShowsWeekly" classname="testcases.TVShowsAPITesting" time="0.453"/>
  <testcase name="tvShowDetails" classname="testcases.TVShowsAPITesting" time="0.203"/>
  <testcase name="movieDetails" classname="testcases.PersonAPITesting" time="0.057"/>
  <testcase name="popularPeople" classname="testcases.PersonAPITesting" time="0.075"/>
  <testcase name="createList" classname="testcases.UserListsAndFavorites" time="0.289">
    <system-out><![CDATA[Created List ID: 8503958
]]></system-out>
  </testcase>
  <testcase name="addItemToList" classname="testcases.UserListsAndFavorites" time="0.204"/>
  <testcase name="checkList" classname="testcases.UserListsAndFavorites" time="0.179"/>
  <testcase name="removeItemFromList" classname="testcases.UserListsAndFavorites" time="0.323"/>
  <testcase name="deleteList" classname="testcases.UserListsAndFavorites" time="0.208"/>
  <testcase name="addMovieToFavoriteList" classname="testcases.UserListsAndFavorites" time="0.206"/>
  <testcase name="addMovieToWatchList" classname="testcases.UserListsAndFavorites" time="0.219"/>
  <testcase name="addTvToFavoriteList" classname="testcases.UserListsAndFavorites" time="0.242"/>
  <testcase name="addTvToWatchList" classname="testcases.UserListsAndFavorites" time="0.21"/>
  <testcase name="favoriteMovie" classname="testcases.UserListsAndFavorites" time="0.185"/>
  <testcase name="favoriteTv" classname="testcases.UserListsAndFavorites" time="0.178"/>
  <testcase name="watchlistMovie" classname="testcases.UserListsAndFavorites" time="0.181"/>
  <testcase name="watchlistTv" classname="testcases.UserListsAndFavorites" time="0.178"/>
  <testcase name="removeMovieFromFavoriteList" classname="testcases.UserListsAndFavorites" time="0.193"/>
  <testcase name="removeMovieFromWatchList" classname="testcases.UserListsAndFavorites" time="0.227"/>
  <testcase name="removeTvFromFavoriteList" classname="testcases.UserListsAndFavorites" time="0.197"/>
  <testcase name="removeTvFromWatchList" classname="testcases.UserListsAndFavorites" time="0.201"/>
  <testcase name="searchCollection" classname="testcases.SearchFunctionalityTesting" time="0.045"/>
  <testcase name="searchKeyword" classname="testcases.SearchFunctionalityTesting" time="0.038"/>
  <testcase name="searchMovies" classname="testcases.SearchFunctionalityTesting" time="0.041"/>
  <testcase name="searchPerson" classname="testcases.SearchFunctionalityTesting" time="0.111"/>
  <testcase name="searchTV" classname="testcases.SearchFunctionalityTesting" time="0.066"/>
  <testcase name="addFavoriteWithInvalidParameter" classname="testcases.ErrorHandlingCases" time="0.185"/>
  <testcase name="addItemToListWithInvalidParameters" classname="testcases.ErrorHandlingCases" time="0.187"/>
  <testcase name="authenticationEmpty" classname="testcases.ErrorHandlingCases" time="0.168"/>
  <testcase name="authenticationInvalidToken" classname="testcases.ErrorHandlingCases" time="0.168"/>
  <testcase name="createListWithInvalidSessionId" classname="testcases.ErrorHandlingCases" time="0.175"/>
  <testcase name="invalidMovieId" classname="testcases.ErrorHandlingCases" time="0.171"/>
  <testcase name="trendingWithWrongTimeline" classname="testcases.ErrorHandlingCases" time="0.176"/>
</testsuite>