<?xml version="1.0" encoding="UTF-8"?>
<testsuite name="TMDB"
           tests="2"
           failures="0"
           errors="0"
           skipped="0"
           time="0.433">
    <properties></properties>



            <testcase
                name="movieDetails"
                time="0.208"
                classname="testcases.MoviesAPITesting">
            </testcase>
            <testcase
                name="retrievePopularMovies"
                time="0.225"
                classname="testcases.MoviesAPITesting">
            </testcase>
</testsuite>
