<?xml version="1.0" encoding="UTF-8"?>
<testsuite name="TMDB"
           tests="3"
           failures="0"
           errors="0"
           skipped="0"
           time="0.601">
    <properties></properties>



            <testcase
                name="trendingTVShowsWeekly"
                time="0.193"
                classname="testcases.TVShowsAPITesting">
            </testcase>
            <testcase
                name="tvShowDetails"
                time="0.197"
                classname="testcases.TVShowsAPITesting">
            </testcase>
            <testcase
                name="popularTVShows"
                time="0.211"
                classname="testcases.TVShowsAPITesting">
            </testcase>
</testsuite>
