<?xml version="1.0" encoding="UTF-8"?>
<testsuite name="TMDB"
           tests="17"
           failures="0"
           errors="0"
           skipped="0"
           time="3.864">
    <properties></properties>



            <testcase
                name="removeMovieFromFavoriteList"
                time="0.198"
                classname="testcases.UserListsAndFavorites">
            </testcase>
            <testcase
                name="watchlistMovie"
                time="0.181"
                classname="testcases.UserListsAndFavorites">
            </testcase>
            <testcase
                name="favoriteMovie"
                time="0.185"
                classname="testcases.UserListsAndFavorites">
            </testcase>
            <testcase
                name="favoriteTv"
                time="0.181"
                classname="testcases.UserListsAndFavorites">
            </testcase>
            <testcase
                name="addTvToFavoriteList"
                time="0.207"
                classname="testcases.UserListsAndFavorites">
            </testcase>
            <testcase
                name="removeTvFromFavoriteList"
                time="0.207"
                classname="testcases.UserListsAndFavorites">
            </testcase>
            <testcase
                name="addTvToWatchList"
                time="0.212"
                classname="testcases.UserListsAndFavorites">
            </testcase>
            <testcase
                name="removeMovieFromWatchList"
                time="0.206"
                classname="testcases.UserListsAndFavorites">
            </testcase>
            <testcase
                name="addMovieToFavoriteList"
                time="0.338"
                classname="testcases.UserListsAndFavorites">
            </testcase>
            <testcase
                name="checkList"
                time="0.177"
                classname="testcases.UserListsAndFavorites">
            </testcase>
            <testcase
                name="watchlistTv"
                time="0.184"
                classname="testcases.UserListsAndFavorites">
            </testcase>
            <testcase
                name="createList"
                time="0.432"
                classname="testcases.UserListsAndFavorites">
            </testcase>
            <testcase
                name="deleteList"
                time="0.198"
                classname="testcases.UserListsAndFavorites">
            </testcase>
            <testcase
                name="removeTvFromWatchList"
                time="0.206"
                classname="testcases.UserListsAndFavorites">
            </testcase>
            <testcase
                name="addMovieToWatchList"
                time="0.209"
                classname="testcases.UserListsAndFavorites">
            </testcase>
            <testcase
                name="addItemToList"
                time="0.330"
                classname="testcases.UserListsAndFavorites">
            </testcase>
            <testcase
                name="removeItemFromList"
                time="0.213"
                classname="testcases.UserListsAndFavorites">
            </testcase>
</testsuite>
